proguard-project.txt
# To enable ProGuard in your project, edit project.properties
# to define the proguard.config property as described in that file.
#
# Add project specific ProGuard rules here.
# pROPIEDAD DE aDAN cONDORI cALLISAYA    
# By default, the flags in this file are appended to flags specified
# in ${sdk.dir}/tools/proguard/proguard-android.txt
# proguard.config=proguard-project.txt
# You can edit the include path and order by changing the ProGuard
# include property in project.properties.
#
# For more details, see
#   http://developer.android.com/guide/developing/tools/proguard.html

# Add any project specific keep options here:

# If your project uses WebView with JS, uncomment the following
# and specify the fully qualified class name to the JavaScript interface
# class:
#-keepclassmembers class fqcn.of.javascript.interface.for.webview {
#   public *;
#}
-keepattributes SourceFile,LineNumberTable
-keep class android.support.** { *; }
-keep interface android.support.** { *; }
-keep class com.actionbarsherlock.** { *; }
-keep interface com.actionbarsherlock.** { *; }

-dontwarn com.google.android.gms.**
-keep class com.google.android.gms.common.** { *; }
-keep interface com.google.android.gms.common.** { *; }
-keep class com.google.android.gms.internal.** { *; }
-keep interface com.google.android.gms.internal.** { *; }

-keep class com.tabs.adancc.desplazarview.** { *; }

-keep interface com.tabs.adancc.desplazarview.** { *; }
-dontwarn android.support.v4.**

-ignorewarnings 