proguard/seeds.txt
com.vista.zoonv1.BuscarContactoActivity
com.vista.zoonv1.BuscarContactoActivity: BuscarContactoActivity()
com.vista.zoonv1.FaceActivity
com.vista.zoonv1.FaceActivity: FaceActivity()
com.vista.zoonv1.MainActivity
com.vista.zoonv1.MainActivity: MainActivity()
com.vista.zoonv1.MyApliccion
com.vista.zoonv1.MyApliccion: MyApliccion()
com.vista.zoonv1.PrincipalActivity
com.vista.zoonv1.PrincipalActivity: PrincipalActivity()
com.vista.zoonv1.PrincipalActivity: void validardatos(android.view.View)
com.vista.zoonv1.PrincipalActivity: void validardatos()
com.vista.zoonv1.PrincipalActivity: void registrarse(android.view.View)
com.vista.zoonv1.PrincipalActivity: void olvidoContracena(android.view.View)
com.vista.zoonv1.R$anim: int fragment_slide_left_enter
com.vista.zoonv1.R$anim: int fragment_slide_left_exit
com.vista.zoonv1.R$anim: int slidelayout_left
com.vista.zoonv1.R$anim: int slidelayout_right
com.vista.zoonv1.R$anim: int slidelayout_search
com.vista.zoonv1.R$anim: int slidelayout_search_right
com.vista.zoonv1.R$array: int entries_list_contacto
com.vista.zoonv1.R$array: int entries_list_preference
com.vista.zoonv1.R$array: int entryvalues_list_preference
com.vista.zoonv1.R$array: int event_icons
com.vista.zoonv1.R$array: int event_items
com.vista.zoonv1.R$array: int locations
com.vista.zoonv1.R$array: int nav_drawer_icons
com.vista.zoonv1.R$array: int nav_drawer_items
com.vista.zoonv1.R$array: int oferta_icons
com.vista.zoonv1.R$array: int oferta_items
com.vista.zoonv1.R$attr: int actionBarDivider
com.vista.zoonv1.R$attr: int actionBarItemBackground
com.vista.zoonv1.R$attr: int actionBarSize
com.vista.zoonv1.R$attr: int actionBarSize2
com.vista.zoonv1.R$attr: int actionBarSplitStyle
com.vista.zoonv1.R$attr: int actionBarStyle
com.vista.zoonv1.R$attr: int actionBarTabBarStyle
com.vista.zoonv1.R$attr: int actionBarTabStyle
com.vista.zoonv1.R$attr: int actionBarTabTextStyle
com.vista.zoonv1.R$attr: int actionBarWidgetTheme
com.vista.zoonv1.R$attr: int actionButtonStyle
com.vista.zoonv1.R$attr: int actionDropDownStyle
com.vista.zoonv1.R$attr: int actionMenuTextAppearance
com.vista.zoonv1.R$attr: int actionMenuTextColor
com.vista.zoonv1.R$attr: int actionModeBackground
com.vista.zoonv1.R$attr: int actionModeCloseButtonStyle
com.vista.zoonv1.R$attr: int actionModeCloseDrawable
com.vista.zoonv1.R$attr: int actionModePopupWindowStyle
com.vista.zoonv1.R$attr: int actionModeShareDrawable
com.vista.zoonv1.R$attr: int actionModeSplitBackground
com.vista.zoonv1.R$attr: int actionModeStyle
com.vista.zoonv1.R$attr: int actionOverflowButtonStyle
com.vista.zoonv1.R$attr: int actionSpinnerItemStyle
com.vista.zoonv1.R$attr: int activatedBackgroundIndicator
com.vista.zoonv1.R$attr: int activityChooserViewStyle
com.vista.zoonv1.R$attr: int adSize
com.vista.zoonv1.R$attr: int adUnitId
com.vista.zoonv1.R$attr: int background
com.vista.zoonv1.R$attr: int backgroundSplit
com.vista.zoonv1.R$attr: int backgroundStacked
com.vista.zoonv1.R$bool: int abs__action_bar_embed_tabs
com.vista.zoonv1.R$bool: int abs__action_bar_expanded_action_views_exclusive
com.vista.zoonv1.R$bool: int abs__config_actionMenuItemAllCaps
com.vista.zoonv1.R$bool: int abs__config_allowActionMenuItemTextWithIcon
com.vista.zoonv1.R$bool: int abs__config_showMenuShortcutsWhenKeyboardPresent
com.vista.zoonv1.R$bool: int abs__split_action_bar_is_narrow
...
android.support.v4.hardware.display.DisplayManagerCompat$LegacyImpl
android.support.v4.hardware.display.DisplayManagerCompat$LegacyImpl: android.view.WindowManager mWindowManager
android.support.v4.hardware.display.DisplayManagerCompat$LegacyImpl: DisplayManagerCompat$LegacyImpl(android.content.Context)
android.support.v4.hardware.display.DisplayManagerCompat$LegacyImpl: android.view.Display getDisplay(int)
android.support.v4.hardware.display.DisplayManagerCompat$LegacyImpl: android.view.Display[] getDisplays()
android.support.v4.hardware.display.DisplayManagerCompat$LegacyImpl: android.view.Display[] getDisplays(java.lang.String)
android.support.v4.hardware.display.DisplayManagerJellybeanMr1
android.support.v4.hardware.display.DisplayManagerJellybeanMr1: DisplayManagerJellybeanMr1()
android.support.v4.hardware.display.DisplayManagerJellybeanMr1: java.lang.Object getDisplayManager(android.content.Context)
android.support.v4.hardware.display.DisplayManagerJellybeanMr1: android.view.Display getDisplay(java.lang.Object,int)
android.support.v4.hardware.display.DisplayManagerJellybeanMr1: android.view.Display[] getDisplays(java.lang.Object)
android.support.v4.hardware.display.DisplayManagerJellybeanMr1: android.view.Display[] getDisplays(java.lang.Object,java.lang.String)
android.support.v4.internal.view.SupportMenu
android.support.v4.internal.view.SupportMenu: int USER_MASK
android.support.v4.internal.view.SupportMenu: int USER_SHIFT
android.support.v4.internal.view.SupportMenu: int CATEGORY_MASK
android.support.v4.internal.view.SupportMenu: int CATEGORY_SHIFT
android.support.v4.internal.view.SupportMenuItem
android.support.v4.internal.view.SupportMenuItem: int SHOW_AS_ACTION_NEVER
android.support.v4.internal.view.SupportMenuItem: int SHOW_AS_ACTION_IF_ROOM
android.support.v4.internal.view.SupportMenuItem: int SHOW_AS_ACTION_ALWAYS
android.support.v4.internal.view.SupportMenuItem: int SHOW_AS_ACTION_WITH_TEXT
android.support.v4.internal.view.SupportMenuItem: int SHOW_AS_ACTION_COLLAPSE_ACTION_VIEW
android.support.v4.internal.view.SupportMenuItem: void setShowAsAction(int)
android.support.v4.internal.view.SupportMenuItem: android.view.MenuItem setShowAsActionFlags(int)
android.support.v4.internal.view.SupportMenuItem: android.view.MenuItem setActionView(android.view.View)
android.support.v4.internal.view.SupportMenuItem: android.view.MenuItem setActionView(int)
android.support.v4.internal.view.SupportMenuItem: android.view.View getActionView()
android.support.v4.internal.view.SupportMenuItem: android.support.v4.internal.view.SupportMenuItem setSupportActionProvider(android.support.v4.view.ActionProvider)
android.support.v4.internal.view.SupportMenuItem: android.support.v4.view.ActionProvider getSupportActionProvider()
android.support.v4.internal.view.SupportMenuItem: boolean expandActionView()
android.support.v4.internal.view.SupportMenuItem: boolean collapseActionView()
android.support.v4.internal.view.SupportMenuItem: boolean isActionViewExpanded()
android.support.v4.internal.view.SupportSubMenu