proguard/mapping.txt
com.vista.zoonv1.BuscarContactoActivity -> com.vista.zoonv1.BuscarContactoActivity:
    android.view.View rootView -> a
    android.widget.ListView mDrawerList -> b
    com.vista.adapter.AdapterPerfil drawerListAdapter -> c
    java.lang.String[] COLUMNS -> e
    com.vista.zoonv1.BuscarContactoActivity$SuggestionsAdapter mSuggestionsAdapter -> f
    com.actionbarsherlock.widget.SearchView searchView -> d
    java.lang.String[] navMenuTitles -> g
    android.content.res.TypedArray listevent -> h
    38:48:void onCreate(android.os.Bundle) -> onCreate
    57:66:boolean onMenuItemSelected(int,com.actionbarsherlock.view.MenuItem) -> onMenuItemSelected
    79:79:boolean onSuggestionSelect(int) -> onSuggestionSelect
    84:89:boolean onSuggestionClick(int) -> onSuggestionClick
    94:94:boolean onQueryTextSubmit(java.lang.String) -> onQueryTextSubmit
    100:100:boolean onQueryTextChange(java.lang.String) -> onQueryTextChange
    107:136:boolean onCreateOptionsMenu(com.actionbarsherlock.view.Menu) -> onCreateOptionsMenu
    169:202:void menuslidingInfo() -> a
com.vista.zoonv1.BuscarContactoActivity$SuggestionsAdapter -> com.vista.zoonv1.a:
    com.vista.zoonv1.BuscarContactoActivity this$0 -> a
    147:150:android.view.View newView(android.content.Context,android.database.Cursor,android.view.ViewGroup) -> newView
    155:159:void bindView(android.view.View,android.content.Context,android.database.Cursor) -> bindView
com.vista.zoonv1.FaceActivity -> com.vista.zoonv1.FaceActivity:
    java.lang.String TAG -> a
    com.sromku.simple.fb.SimpleFacebook mSimpleFacebook -> b
    android.app.ProgressDialog mProgress -> c
    android.widget.Button mButtonLogin -> d
    android.widget.Button mButtonLogout -> e
    android.widget.TextView mTextStatus -> f
    android.widget.Button mButtonPublishFeed -> g
    android.widget.Button mButtonPublishStory -> h
    android.widget.Button mButtonPublishPhoto -> i
    android.widget.Button mButtonInviteAll -> j
    android.widget.Button mButtonInviteSuggested -> k
    android.widget.Button mButtonInviteOne -> l
    android.widget.Button mButtonGetProfile -> m
    android.widget.Button mButtonGetProfileProperties -> n
    android.widget.Button mButtonGetFriends -> o
    android.widget.Button mButtonGetAlbums -> p
    android.widget.Button mButtonFragments -> q
    com.sromku.simple.fb.SimpleFacebook$OnLoginListener mOnLoginListener -> r
    com.sromku.simple.fb.SimpleFacebook$OnLogoutListener mOnLogoutListener -> s
    137:180:void onCreate(android.os.Bundle) -> onCreate
    184:187:void onResume() -> onResume
    191:193:void onActivityResult(int,int,android.content.Intent) -> onActivityResult
    199:205:void loginExample() -> a
    211:217:void logoutExample() -> b
    225:271:void publishFeedExample() -> c
    278:278:void publishStoryExample() -> d
    285:331:void publishPhotoExample() -> e
    338:397:void inviteExamples() -> f
com.vista.zoonv1.FaceActivity$1 -> com.vista.zoonv1.b:
    com.vista.zoonv1.FaceActivity this$0 -> a
    72:74:void onFail(java.lang.String) -> a
    78:80:void onException(java.lang.Throwable) -> a
    86:87:void onThinking() -> a
    92:95:void onLogin() -> b
    99:100:void onNotAcceptingPermissions() -> c
com.vista.zoonv1.FaceActivity$10 -> com.vista.zoonv1.c:
    com.vista.zoonv1.FaceActivity this$0 -> a
    com.sromku.simple.fb.SimpleFacebook$OnInviteListener val$onInviteListener -> b
    380:384:void onClick(android.view.View) -> onClick
com.vista.zoonv1.FaceActivity$11 -> com.vista.zoonv1.d:
    com.vista.zoonv1.FaceActivity this$0 -> a
    com.sromku.simple.fb.SimpleFacebook$OnInviteListener val$onInviteListener -> b
    392:395:void onClick(android.view.View) -> onClick
...
android.support.v4.print.PrintHelperKitkat$2$1$1 -> android.support.v4.print.PrintHelperKitkat$2$1$1:
    android.support.v4.print.PrintHelperKitkat$2$1 this$2 -> this$2
    325:327:void onCancel() -> onCancel
android.support.v4.text.BidiFormatter -> android.support.v4.text.BidiFormatter:
    android.support.v4.text.TextDirectionHeuristicCompat DEFAULT_TEXT_DIRECTION_HEURISTIC -> DEFAULT_TEXT_DIRECTION_HEURISTIC
    char LRE -> LRE
    char RLE -> RLE
    char PDF -> PDF
    char LRM -> LRM
    char RLM -> RLM
    java.lang.String LRM_STRING -> LRM_STRING
    java.lang.String RLM_STRING -> RLM_STRING
    java.lang.String EMPTY_STRING -> EMPTY_STRING
    int FLAG_STEREO_RESET -> FLAG_STEREO_RESET
    int DEFAULT_FLAGS -> DEFAULT_FLAGS
    android.support.v4.text.BidiFormatter DEFAULT_LTR_INSTANCE -> DEFAULT_LTR_INSTANCE
    android.support.v4.text.BidiFormatter DEFAULT_RTL_INSTANCE -> DEFAULT_RTL_INSTANCE
    boolean mIsRtlContext -> mIsRtlContext
    int mFlags -> mFlags
    android.support.v4.text.TextDirectionHeuristicCompat mDefaultTextDirectionHeuristicCompat -> mDefaultTextDirectionHeuristicCompat
    int DIR_LTR -> DIR_LTR
    int DIR_UNKNOWN -> DIR_UNKNOWN
    int DIR_RTL -> DIR_RTL
    234:234:android.support.v4.text.BidiFormatter getInstance() -> getInstance
    243:243:android.support.v4.text.BidiFormatter getInstance(boolean) -> getInstance
    252:252:android.support.v4.text.BidiFormatter getInstance(java.util.Locale) -> getInstance
    270:270:boolean isRtlContext() -> isRtlContext
    278:278:boolean getStereoReset() -> getStereoReset
    297:305:java.lang.String markAfter(java.lang.String,android.support.v4.text.TextDirectionHeuristicCompat) -> markAfter
android.support.v4.text.BidiFormatter$1 -> android.support.v4.text.BidiFormatter$1:
android.support.v4.text.BidiFormatter$Builder -> android.support.v4.text.BidiFormatter$Builder:
    boolean mIsRtlContext -> mIsRtlContext
    int mFlags -> mFlags
    android.support.v4.text.TextDirectionHeuristicCompat mTextDirectionHeuristicCompat -> mTextDirectionHeuristicCompat
    165:168:void initialize(boolean) -> initialize
    175:180:android.support.v4.text.BidiFormatter$Builder stereoReset(boolean) -> stereoReset
    191:192:android.support.v4.text.BidiFormatter$Builder setTextDirectionHeuristic(android.support.v4.text.TextDirectionHeuristicCompat) -> setTextDirectionHeuristic
    196:196:android.support.v4.text.BidiFormatter getDefaultInstanceFromContext(boolean) -> getDefaultInstanceFromContext
    203:207:android.support.v4.text.BidiFormatter build() -> build
android.support.v4.text.BidiFormatter$DirectionalityEstimator -> android.support.v4.text.BidiFormatter$DirectionalityEstimator:
    int DIR_TYPE_CACHE_SIZE -> DIR_TYPE_CACHE_SIZE
    byte[] DIR_TYPE_CACHE -> DIR_TYPE_CACHE
    java.lang.String text -> text
    boolean isHtml -> isHtml
    int length -> length
    int charIndex -> charIndex
    char lastChar -> lastChar
    567:649:int getEntryDir() -> getEntryDir
    665:713:int getExitDir() -> getExitDir
    724:724:byte getCachedDirectionality(char) -> getCachedDirectionality
    737:753:byte dirTypeForward() -> dirTypeForward
    767:783:byte dirTypeBackward() -> dirTypeBackward
    793:809:byte skipTagForward() -> skipTagForward
    822:841:byte skipTagBackward() -> skipTagBackward
    850:851:byte skipEntityForward() -> skipEntityForward
    865:877:byte skipEntityBackward() -> skipEntityBackward
android.support.v4.text.ICUCompat -> android.support.v4.text.ICUCompat:
    android.support.v4.text.ICUCompat$ICUCompatImpl IMPL -> IMPL
    70:70:java.lang.String getScript(java.lang.String) -> getScript
    96:96:java.lang.String addLikelySubtags(java.lang.String) -> addLikelySubtags
android.support.v4.text.ICUCompat$ICUCompatImpl -> android.support.v4.text.ICUCompat$ICUCompatImpl:
    java.lang.String getScript(java.lang.String) -> getScript
    java.lang.String addLikelySubtags(java.lang.String) -> addLikelySubtags