proguard/usage.txt
com.vista.zoonv1.BuildConfig
com.vista.zoonv1.BuscarContactoActivity:
    android.view.LayoutInflater inflater
    51:53:public void BackgroundDrawable()
com.vista.zoonv1.CategoriaFragment
com.vista.zoonv1.FaceActivity$OnProfileRequestAdapter
com.vista.zoonv1.HomeFragment:
    android.widget.HorizontalScrollView scrollView
    public static final int _BARRA
    public static final int _BARRA_ICONOS
    public static final int _UN_CUARTOS
    public static final int _MEDIO
    public static final int _FULL
    android.widget.ImageView _img_expandalble
    private com.vista.zoonv1.HomeFragment$SuggestionsAdapter suggestionsAdapter
    private android.app.ProgressDialog dialog
    306:310:public void deslizarizquierda()
    497:501:public static void setGrayScale(android.widget.ImageView)
    555:555:public void img_activar()
    785:811:private void animartool(boolean)
    875:880:private java.lang.String getBarriosWeb(java.lang.String)
    941:970:private java.util.List decodePoly(java.lang.String)
    1018:1020:public int convertToPixelFromDp(int)
    871:871:static synthetic android.app.ProgressDialog access$0(com.vista.zoonv1.HomeFragment)
    939:939:static synthetic java.util.List access$1(com.vista.zoonv1.HomeFragment,java.lang.String)
com.vista.zoonv1.HomeFragment$MiTarea
com.vista.zoonv1.HomeFragment$SuggestionsAdapter
com.vista.zoonv1.LugaresFragment:
    com.google.android.gms.maps.GoogleMap map
    android.widget.ImageView img_ping
com.vista.zoonv1.LugaresFragmentComent:
    com.google.android.gms.maps.GoogleMap map
    android.widget.ImageView img_ping
    61:62:public void setitle(java.lang.String)
com.vista.zoonv1.MainActivity:
    public static final int SELECT_MENU_DER
    private static final long SCROLL_TIME
    96:99:public void BackgroundDrawable()
com.vista.zoonv1.Manifest
com.vista.zoonv1.Manifest$permission
com.vista.zoonv1.MoreFragment
com.vista.zoonv1.MyApliccion:
    static final java.lang.String PREF_KEY_OAUTH_TOKEN
    static final java.lang.String PREF_KEY_OAUTH_SECRET
    static final java.lang.String PREF_KEY_TWITTER_LOGIN
    static final java.lang.String TWITTER_CALLBACK_URL
    static final java.lang.String URL_TWITTER_AUTH
    static final java.lang.String URL_TWITTER_OAUTH_VERIFIER
    static final java.lang.String URL_TWITTER_OAUTH_TOKEN
    private static final java.lang.String APP_ID
    private static final java.lang.String APP_NAMESPACE
com.vista.zoonv1.R
com.vista.zoonv1.R$anim
com.vista.zoonv1.R$array
com.vista.zoonv1.R$attr
com.vista.zoonv1.R$bool
com.vista.zoonv1.R$color
com.vista.zoonv1.R$dimen
com.vista.zoonv1.R$drawable
com.vista.zoonv1.R$id
com.vista.zoonv1.R$integer
com.vista.zoonv1.R$layout
com.vista.zoonv1.R$menu
com.vista.zoonv1.R$string
com.vista.zoonv1.R$style
com.vista.zoonv1.R$styleable
com.vista.zoonv1.R$xml
com.vista.zoonv1.RecuperarcontrasenaActivity:
    30:32:public void BackgroundDrawable()
com.vista.zoonv1.RegistrarseActivity:
    public static final java.lang.String EXTRA_EMAIL
    75:77:public void BackgroundDrawable()
com.vista.zoonv1.SoliucitudesActivity:
    67:69:public void BackgroundDrawable()
com.vista.zoonv1.SplashScreenFragment
com.vista.zoonv1.SplashScreenFragment$1
...
com.sromku.simple.fb.R
com.sromku.simple.fb.R$attr
com.sromku.simple.fb.R$color
com.sromku.simple.fb.R$dimen
com.sromku.simple.fb.R$drawable
com.sromku.simple.fb.R$id
com.sromku.simple.fb.R$layout
com.sromku.simple.fb.R$string
com.sromku.simple.fb.R$style
com.sromku.simple.fb.R$styleable
com.sromku.simple.fb.SimpleFacebook:
    81:86:public static void initialize(android.app.Activity)
    98:98:public static com.sromku.simple.fb.SimpleFacebook getInstance()
    450:513:public void getAppRequests(com.sromku.simple.fb.SimpleFacebook$OnAppRequestsListener)
    530:568:public void deleteRequest(java.lang.String,com.sromku.simple.fb.SimpleFacebook$OnDeleteRequestListener)
    582:646:public void getScores(com.sromku.simple.fb.SimpleFacebook$OnScoresRequestListener)
    666:742:public void postScore(int,com.sromku.simple.fb.SimpleFacebook$OnPostScoreListener)
    838:901:public void publish(com.sromku.simple.fb.entities.Story,com.sromku.simple.fb.SimpleFacebook$OnPublishListener)
    1031:1093:public void publish(com.sromku.simple.fb.entities.Video,com.sromku.simple.fb.SimpleFacebook$OnPublishListener)
    1188:1240:public void requestPublish(com.sromku.simple.fb.SimpleFacebook$OnPermissionListener)
    1311:1315:public java.lang.String getAccessToken()
    1331:1332:public void clean()
    1389:1441:private static void publishImpl(com.sromku.simple.fb.entities.Story,com.sromku.simple.fb.SimpleFacebook$OnPublishListener)
    1498:1547:private static void publishImpl(com.sromku.simple.fb.entities.Video,com.sromku.simple.fb.SimpleFacebook$OnPublishListener)
    1387:1387:static synthetic void access$6(com.sromku.simple.fb.entities.Story,com.sromku.simple.fb.SimpleFacebook$OnPublishListener)
com.sromku.simple.fb.SimpleFacebook$11
com.sromku.simple.fb.SimpleFacebook$12
com.sromku.simple.fb.SimpleFacebook$14
com.sromku.simple.fb.SimpleFacebook$16
com.sromku.simple.fb.SimpleFacebook$4
com.sromku.simple.fb.SimpleFacebook$5
com.sromku.simple.fb.SimpleFacebook$6
com.sromku.simple.fb.SimpleFacebook$7
com.sromku.simple.fb.SimpleFacebook$9
com.sromku.simple.fb.SimpleFacebook$OnAppRequestsListener
com.sromku.simple.fb.SimpleFacebook$OnDeleteRequestListener
com.sromku.simple.fb.SimpleFacebook$OnPermissionListener
com.sromku.simple.fb.SimpleFacebook$OnPostScoreListener
com.sromku.simple.fb.SimpleFacebook$OnScoresRequestListener
com.sromku.simple.fb.SimpleFacebookConfiguration:
    47:47:java.lang.String getNamespace()
com.sromku.simple.fb.SimpleFacebookConfiguration$Builder:
    167:168:public com.sromku.simple.fb.SimpleFacebookConfiguration$Builder setLoginBehavior(com.facebook.SessionLoginBehavior)
com.sromku.simple.fb.entities.Album:
    96:96:public com.facebook.model.GraphObject getGraphObject()
    106:106:public java.lang.String getId()
    116:116:public java.lang.String getFromId()
    126:126:public java.lang.String getName()
    136:136:public java.lang.String getDescription()
    146:146:public java.lang.String getLocation()
    156:156:public java.lang.String getLink()
    166:166:public java.lang.Integer getCount()
    176:176:public java.lang.String getPrivacy()
    186:186:public java.lang.String getCoverPhotoId()
    196:196:public java.lang.String getType()
    206:206:public long getCreatedTime()
    216:216:public long getUpdatedTime()
    230:230:public boolean canUpload()
com.sromku.simple.fb.entities.Education
com.sromku.simple.fb.entities.Feed$Builder:
    138:139:public com.sromku.simple.fb.entities.Feed$Builder setPrivacy(com.sromku.simple.fb.Privacy)
    154:161:public com.sromku.simple.fb.entities.Feed$Builder addProperty(java.lang.String,java.lang.String)
    175:188:public com.sromku.simple.fb.entities.Feed$Builder addProperty(java.lang.String,java.lang.String,java.lang.String)
    203:210:public com.sromku.simple.fb.entities.Feed$Builder addAction(java.lang.String,java.lang.String)
com.sromku.simple.fb.entities.Feed$Builder$Parameters
com.sromku.simple.fb.entities.Language
com.sromku.simple.fb.entities.Location